{"C:\\Users\\basel.hussein\\eclipse-workspace\\Testing with JS\\Tests with Jest\\functions\\cloneArray.js": {"path":"C:\\Users\\basel.hussein\\eclipse-workspace\\Testing with JS\\Tests with Jest\\functions\\cloneArray.js","statementMap":{"0":{"start":{"line":2,"column":2},"end":{"line":2,"column":20}},"1":{"start":{"line":5,"column":0},"end":{"line":5,"column":28}}},"fnMap":{"0":{"name":"cloneArray","decl":{"start":{"line":1,"column":9},"end":{"line":1,"column":19}},"loc":{"start":{"line":1,"column":27},"end":{"line":3,"column":1}},"line":1}},"branchMap":{},"s":{"0":2,"1":1},"f":{"0":2},"b":{},"_coverageSchema":"1a1c01bbd47fc00a2c39e90264f33305004495a9","hash":"bc17c753a868e59c00e2942a9862033bd1df7eae"}
,"C:\\Users\\basel.hussein\\eclipse-workspace\\Testing with JS\\Tests with Jest\\functions\\subtract.js": {"path":"C:\\Users\\basel.hussein\\eclipse-workspace\\Testing with JS\\Tests with Jest\\functions\\subtract.js","statementMap":{"0":{"start":{"line":2,"column":2},"end":{"line":2,"column":15}},"1":{"start":{"line":5,"column":0},"end":{"line":5,"column":26}}},"fnMap":{"0":{"name":"subtract","decl":{"start":{"line":1,"column":9},"end":{"line":1,"column":17}},"loc":{"start":{"line":1,"column":24},"end":{"line":3,"column":1}},"line":1}},"branchMap":{},"s":{"0":1,"1":1},"f":{"0":1},"b":{},"_coverageSchema":"1a1c01bbd47fc00a2c39e90264f33305004495a9","hash":"355fe3d553833bf086acaf65d56c4b8196fccfab"}
,"C:\\Users\\basel.hussein\\eclipse-workspace\\Testing with JS\\Tests with Jest\\functions\\sum.js": {"path":"C:\\Users\\basel.hussein\\eclipse-workspace\\Testing with JS\\Tests with Jest\\functions\\sum.js","statementMap":{"0":{"start":{"line":2,"column":2},"end":{"line":2,"column":15}},"1":{"start":{"line":5,"column":13},"end":{"line":5,"column":28}},"2":{"start":{"line":5,"column":23},"end":{"line":5,"column":28}},"3":{"start":{"line":7,"column":13},"end":{"line":9,"column":1}},"4":{"start":{"line":8,"column":2},"end":{"line":8,"column":15}},"5":{"start":{"line":11,"column":0},"end":{"line":11,"column":21}}},"fnMap":{"0":{"name":"sum","decl":{"start":{"line":1,"column":9},"end":{"line":1,"column":12}},"loc":{"start":{"line":1,"column":19},"end":{"line":3,"column":1}},"line":1},"1":{"name":"(anonymous_1)","decl":{"start":{"line":5,"column":13},"end":{"line":5,"column":14}},"loc":{"start":{"line":5,"column":23},"end":{"line":5,"column":28}},"line":5},"2":{"name":"(anonymous_2)","decl":{"start":{"line":7,"column":13},"end":{"line":7,"column":14}},"loc":{"start":{"line":7,"column":29},"end":{"line":9,"column":1}},"line":7}},"branchMap":{},"s":{"0":4,"1":1,"2":0,"3":1,"4":0,"5":1},"f":{"0":4,"1":0,"2":0},"b":{},"_coverageSchema":"1a1c01bbd47fc00a2c39e90264f33305004495a9","hash":"c748df6eee8441935cf8f5f79f3aebb935ebb626"}
}
